Invalid token.
column auth_token.creator_id does not exist
LINE 1: ...h_token"."created_at", "auth_token"."updated_at", "auth_toke...
                                                             ^

column auth_token.creator_id does not exist
LINE 1: ...h_token"."created_at", "auth_token"."updated_at", "auth_toke...
                                                             ^

[ErrorDetail(string='Unable to log in with provided credentials.', code='authorization')]
column auth_token.creator_id does not exist
LINE 1: ...h_token"."created_at", "auth_token"."updated_at", "auth_toke...
                                                             ^

[ErrorDetail(string='Unable to log in with provided credentials.', code='authorization')]
column auth_token.creator_id does not exist
LINE 1: ...h_token"."created_at", "auth_token"."updated_at", "auth_toke...
                                                             ^

[ErrorDetail(string='Unable to log in with provided credentials.', code='authorization')]
column auth_token.creator_id does not exist
LINE 1: ...h_token"."created_at", "auth_token"."updated_at", "auth_toke...
                                                             ^

方法 “GET” 不被允许。
方法 “GET” 不被允许。
Authentication credentials were not provided.
方法 “GET” 不被允许。
